<?xml version="1.0" encoding="UTF-8"?>
<!-- Generated by org.testng.reporters.JUnitReportReporter -->
<testsuite skipped="0" hostname="krish" name="basics.t1" tests="1" failures="0" timestamp="30 Aug 2022 12:51:15 GMT" time="10.579" errors="0">
  <testcase name="f" time="10.579" classname="basics.t1"/>
</testsuite> <!-- basics.t1 -->
